source/app/build/intermediates/manifest_merge_blame_file/release/processReleaseMainManifest/manifest-merger-blame-release-report.txt
1<?xml version="1.0" encoding="utf-8"?>
2<!--
3    Copyright 2019 Google Inc. All Rights Reserved.
4
5     Licensed under the Apache License, Version 2.0 (the "License");
6     you may not use this file except in compliance with the License.
7     You may obtain a copy of the License at
8
9         http://www.apache.org/licenses/LICENSE-2.0
10
11     Unless required by applicable law or agreed to in writing, software
12     distributed under the License is distributed on an "AS IS" BASIS,
13     WITHOUT WARRANTIES OR CONDITIONS OF ANY KIND, either express or implied.
14     See the License for the specific language governing permissions and
15     limitations under the License.
16-->
17<!--
18 The "package" attribute is rewritten by the Gradle build with the value of applicationId.
19     It is still required here, as it is used to derive paths, for instance when referring
20     to an Activity by ".MyActivity" instead of the full name. If more Activities are added to the
21     application, the package attribute will need to reflect the correct path in order to use
22     the abbreviated format.
23-->
24<manifest xmlns:android="http://schemas.android.com/apk/res/android"
25    package="com.gmail.omsjsr.smartcamera"
26    android:versionCode="20"
27    android:versionName="20.0.0.0" >
28
29    <uses-sdk
30        android:minSdkVersion="23"
31        android:targetSdkVersion="35" />
32
33    <uses-permission android:name="android.permission.INTERNET" />
33-->src\main\AndroidManifest.xml:25:9-70
33-->src\main\AndroidManifest.xml:25:26-68
34    <uses-permission android:name="android.permission.POST_NOTIFICATIONS" />
34-->src\main\AndroidManifest.xml:27:9-80
34-->src\main\AndroidManifest.xml:27:26-78
35
36    <queries>
36-->[com.google.androidbrowserhelper:androidbrowserhelper:2.6.2] AndroidManifest.xml:22:5-30:15
37        <intent>
37-->[com.google.androidbrowserhelper:androidbrowserhelper:2.6.2] AndroidManifest.xml:23:9-29:18
38            <action android:name="android.intent.action.VIEW" />
38-->src\main\AndroidManifest.xml:139:17-68
38-->src\main\AndroidManifest.xml:139:25-66
39
40            <category android:name="android.intent.category.BROWSABLE" />
40-->src\main\AndroidManifest.xml:141:17-77
40-->src\main\AndroidManifest.xml:141:27-75
41
42            <data android:scheme="https" />
42-->src\main\AndroidManifest.xml:142:17-145:19
42-->src\main\AndroidManifest.xml:142:23-45
43        </intent>
44        <!-- End of browser content -->
45        <!-- For CustomTabsService -->
46        <intent>
46-->[com.google.android.gms:play-services-ads-api:24.5.0] AndroidManifest.xml:47:9-49:18
47            <action android:name="android.support.customtabs.action.CustomTabsService" />
47-->[com.google.android.gms:play-services-ads-api:24.5.0] AndroidManifest.xml:48:13-90
47-->[com.google.android.gms:play-services-ads-api:24.5.0] AndroidManifest.xml:48:21-87
48        </intent> <!-- End of CustomTabsService -->
49        <!-- For MRAID capabilities -->
50        <intent>
50-->[com.google.android.gms:play-services-ads-api:24.5.0] AndroidManifest.xml:52:9-56:18
51            <action android:name="android.intent.action.INSERT" />
51-->[com.google.android.gms:play-services-ads-api:24.5.0] AndroidManifest.xml:53:13-67
51-->[com.google.android.gms:play-services-ads-api:24.5.0] AndroidManifest.xml:53:21-64
52
53            <data android:mimeType="vnd.android.cursor.dir/event" />
53-->src\main\AndroidManifest.xml:142:17-145:19
54        </intent>
55        <intent>
55-->[com.google.android.gms:play-services-ads-api:24.5.0] AndroidManifest.xml:57:9-61:18
56            <action android:name="android.intent.action.VIEW" />
56-->src\main\AndroidManifest.xml:139:17-68
56-->src\main\AndroidManifest.xml:139:25-66
57
58            <data android:scheme="sms" />
58-->src\main\AndroidManifest.xml:142:17-145:19
58-->src\main\AndroidManifest.xml:142:23-45
59        </intent>
60        <intent>
60-->[com.google.android.gms:play-services-ads-api:24.5.0] AndroidManifest.xml:62:9-66:18
61            <action android:name="android.intent.action.DIAL" />
61-->[com.google.android.gms:play-services-ads-api:24.5.0] AndroidManifest.xml:63:13-65
61-->[com.google.android.gms:play-services-ads-api:24.5.0] AndroidManifest.xml:63:21-62
62
63            <data android:path="tel:" />
63-->src\main\AndroidManifest.xml:142:17-145:19
64        </intent>
65    </queries>
66
67    <uses-permission android:name="android.permission.ACCESS_NETWORK_STATE" />
67-->[com.google.android.gms:play-services-ads-api:24.5.0] AndroidManifest.xml:25:5-79
67-->[com.google.android.gms:play-services-ads-api:24.5.0] AndroidManifest.xml:25:22-76
68    <uses-permission android:name="com.google.android.gms.permission.AD_ID" />
68-->[com.google.android.gms:play-services-ads-api:24.5.0] AndroidManifest.xml:26:5-79
68-->[com.google.android.gms:play-services-ads-api:24.5.0] AndroidManifest.xml:26:22-76
69    <uses-permission android:name="android.permission.ACCESS_ADSERVICES_AD_ID" />
69-->[com.google.android.gms:play-services-ads-api:24.5.0] AndroidManifest.xml:27:5-82
69-->[com.google.android.gms:play-services-ads-api:24.5.0] AndroidManifest.xml:27:22-79
70    <uses-permission android:name="android.permission.ACCESS_ADSERVICES_ATTRIBUTION" />
70-->[com.google.android.gms:play-services-ads-api:24.5.0] AndroidManifest.xml:28:5-88
70-->[com.google.android.gms:play-services-ads-api:24.5.0] AndroidManifest.xml:28:22-85
71    <uses-permission android:name="android.permission.ACCESS_ADSERVICES_TOPICS" />
71-->[com.google.android.gms:play-services-ads-api:24.5.0] AndroidManifest.xml:29:5-83
71-->[com.google.android.gms:play-services-ads-api:24.5.0] AndroidManifest.xml:29:22-80
72    <uses-permission android:name="android.permission.WAKE_LOCK" />
72-->[com.google.android.gms:play-services-measurement-api:23.0.0] AndroidManifest.xml:24:5-68
72-->[com.google.android.gms:play-services-measurement-api:23.0.0] AndroidManifest.xml:24:22-65
73    <uses-permission android:name="com.google.android.finsky.permission.BIND_GET_INSTALL_REFERRER_SERVICE" />
73-->[com.google.android.gms:play-services-measurement:23.0.0] AndroidManifest.xml:26:5-110
73-->[com.google.android.gms:play-services-measurement:23.0.0] AndroidManifest.xml:26:22-107
74    <uses-permission android:name="android.permission.FOREGROUND_SERVICE" />
74-->[androidx.work:work-runtime:2.7.0] AndroidManifest.xml:28:5-77
74-->[androidx.work:work-runtime:2.7.0] AndroidManifest.xml:28:22-74
75
76    <permission
76-->[androidx.core:core:1.13.0] AndroidManifest.xml:22:5-24:47
77        android:name="com.gmail.omsjsr.smartcamera.DYNAMIC_RECEIVER_NOT_EXPORTED_PERMISSION"
77-->[androidx.core:core:1.13.0] AndroidManifest.xml:23:9-81
78        android:protectionLevel="signature" />
78-->[androidx.core:core:1.13.0] AndroidManifest.xml:24:9-44
79
80    <uses-permission android:name="com.gmail.omsjsr.smartcamera.DYNAMIC_RECEIVER_NOT_EXPORTED_PERMISSION" />
80-->[androidx.core:core:1.13.0] AndroidManifest.xml:26:5-97
80-->[androidx.core:core:1.13.0] AndroidManifest.xml:26:22-94
81
82    <application
82-->src\main\AndroidManifest.xml:36:5-190:19
83        android:name="com.gmail.omsjsr.smartcamera.Application"
83-->src\main\AndroidManifest.xml:37:9-35
84        android:allowBackup="true"
84-->src\main\AndroidManifest.xml:38:9-35
85        android:appComponentFactory="androidx.core.app.CoreComponentFactory"
85-->[androidx.core:core:1.13.0] AndroidManifest.xml:28:18-86
86        android:extractNativeLibs="false"
87        android:icon="@mipmap/ic_launcher"
87-->src\main\AndroidManifest.xml:39:9-43
88        android:label="@string/appName"
88-->src\main\AndroidManifest.xml:40:9-40
89        android:supportsRtl="true"
89-->src\main\AndroidManifest.xml:42:9-35
90        android:theme="@android:style/Theme.Translucent.NoTitleBar" >
90-->src\main\AndroidManifest.xml:43:9-68
91        <meta-data
91-->src\main\AndroidManifest.xml:45:9-47:51
92            android:name="com.google.android.gms.ads.APPLICATION_ID"
92-->src\main\AndroidManifest.xml:46:13-69
93            android:value="@string/admob_app_id" />
93-->src\main\AndroidManifest.xml:47:13-49
94        <meta-data
94-->src\main\AndroidManifest.xml:49:9-51:58
95            android:name="asset_statements"
95-->src\main\AndroidManifest.xml:50:13-44
96            android:resource="@string/assetStatements" />
96-->src\main\AndroidManifest.xml:51:13-55
97        <meta-data
97-->src\main\AndroidManifest.xml:54:13-56:58
98            android:name="web_manifest_url"
98-->src\main\AndroidManifest.xml:55:17-48
99            android:value="@string/webManifestUrl" />
99-->src\main\AndroidManifest.xml:56:17-55
100        <meta-data
100-->src\main\AndroidManifest.xml:59:9-61:52
101            android:name="twa_generator"
101-->src\main\AndroidManifest.xml:60:13-41
102            android:value="@string/generatorApp" />
102-->src\main\AndroidManifest.xml:61:13-49
103
104        <activity
104-->src\main\AndroidManifest.xml:69:9-151:20
105            android:name="com.gmail.omsjsr.smartcamera.LauncherActivity"
105-->src\main\AndroidManifest.xml:69:19-50
106            android:alwaysRetainTaskState="true"
106-->src\main\AndroidManifest.xml:70:13-49
107            android:exported="true"
107-->src\main\AndroidManifest.xml:72:13-36
108            android:label="@string/launcherName" >
108-->src\main\AndroidManifest.xml:71:13-49
109            <meta-data
109-->src\main\AndroidManifest.xml:73:13-74:53
110                android:name="android.support.customtabs.trusted.DEFAULT_URL"
110-->src\main\AndroidManifest.xml:73:24-85
111                android:value="@string/launchUrl" />
111-->src\main\AndroidManifest.xml:74:17-50
112            <meta-data
112-->src\main\AndroidManifest.xml:76:13-78:58
113                android:name="android.support.customtabs.trusted.STATUS_BAR_COLOR"
113-->src\main\AndroidManifest.xml:77:17-83
114                android:resource="@color/colorPrimary" />
114-->src\main\AndroidManifest.xml:78:17-55
115            <meta-data
115-->src\main\AndroidManifest.xml:82:13-84:62
116                android:name="android.support.customtabs.trusted.STATUS_BAR_COLOR_DARK"
116-->src\main\AndroidManifest.xml:83:17-88
117                android:resource="@color/colorPrimaryDark" />
117-->src\main\AndroidManifest.xml:84:17-59
118            <meta-data
118-->src\main\AndroidManifest.xml:86:13-88:61
119                android:name="android.support.customtabs.trusted.NAVIGATION_BAR_COLOR"
119-->src\main\AndroidManifest.xml:87:17-87
120                android:resource="@color/navigationColor" />
120-->src\main\AndroidManifest.xml:88:17-58
121            <meta-data
121-->src\main\AndroidManifest.xml:90:13-92:65
122                android:name="android.support.customtabs.trusted.NAVIGATION_BAR_COLOR_DARK"
122-->src\main\AndroidManifest.xml:91:17-92
123                android:resource="@color/navigationColorDark" />
123-->src\main\AndroidManifest.xml:92:17-62
124            <meta-data
124-->src\main\AndroidManifest.xml:94:13-96:68
125                android:name="androix.browser.trusted.NAVIGATION_BAR_DIVIDER_COLOR"
125-->src\main\AndroidManifest.xml:95:17-84
126                android:resource="@color/navigationDividerColor" />
126-->src\main\AndroidManifest.xml:96:17-65
127            <meta-data
127-->src\main\AndroidManifest.xml:98:13-100:72
128                android:name="androix.browser.trusted.NAVIGATION_BAR_DIVIDER_COLOR_DARK"
128-->src\main\AndroidManifest.xml:99:17-89
129                android:resource="@color/navigationDividerColorDark" />
129-->src\main\AndroidManifest.xml:100:17-69
130            <meta-data
130-->src\main\AndroidManifest.xml:102:13-103:54
131                android:name="android.support.customtabs.trusted.SPLASH_IMAGE_DRAWABLE"
131-->src\main\AndroidManifest.xml:102:24-95
132                android:resource="@drawable/splash" />
132-->src\main\AndroidManifest.xml:103:17-52
133            <meta-data
133-->src\main\AndroidManifest.xml:105:13-106:60
134                android:name="android.support.customtabs.trusted.SPLASH_SCREEN_BACKGROUND_COLOR"
134-->src\main\AndroidManifest.xml:105:24-104
135                android:resource="@color/backgroundColor" />
135-->src\main\AndroidManifest.xml:106:17-58
136            <meta-data
136-->src\main\AndroidManifest.xml:108:13-109:71
137                android:name="android.support.customtabs.trusted.SPLASH_SCREEN_FADE_OUT_DURATION"
137-->src\main\AndroidManifest.xml:108:24-105
138                android:value="@integer/splashScreenFadeOutDuration" />
138-->src\main\AndroidManifest.xml:109:17-69
139            <meta-data
139-->src\main\AndroidManifest.xml:111:13-112:60
140                android:name="android.support.customtabs.trusted.FILE_PROVIDER_AUTHORITY"
140-->src\main\AndroidManifest.xml:111:24-97
141                android:value="@string/providerAuthority" />
141-->src\main\AndroidManifest.xml:112:17-58
142            <meta-data
142-->src\main\AndroidManifest.xml:114:13-97
143                android:name="android.app.shortcuts"
143-->src\main\AndroidManifest.xml:114:24-60
144                android:resource="@xml/shortcuts" />
144-->src\main\AndroidManifest.xml:114:61-94
145            <meta-data
145-->src\main\AndroidManifest.xml:116:13-117:56
146                android:name="android.support.customtabs.trusted.FALLBACK_STRATEGY"
146-->src\main\AndroidManifest.xml:116:24-91
147                android:value="@string/fallbackType" />
147-->src\main\AndroidManifest.xml:117:17-53
148            <meta-data
148-->src\main\AndroidManifest.xml:122:13-123:52
149                android:name="android.support.customtabs.trusted.DISPLAY_MODE"
149-->src\main\AndroidManifest.xml:122:24-86
150                android:value="sticky-immersive" />
150-->src\main\AndroidManifest.xml:123:17-49
151            <meta-data
151-->src\main\AndroidManifest.xml:126:13-127:54
152                android:name="android.support.customtabs.trusted.SCREEN_ORIENTATION"
152-->src\main\AndroidManifest.xml:126:24-92
153                android:value="@string/orientation" />
153-->src\main\AndroidManifest.xml:127:17-52
154
155            <intent-filter>
155-->src\main\AndroidManifest.xml:133:13-136:29
156                <action android:name="android.intent.action.MAIN" />
156-->src\main\AndroidManifest.xml:134:17-69
156-->src\main\AndroidManifest.xml:134:25-66
157
158                <category android:name="android.intent.category.LAUNCHER" />
158-->src\main\AndroidManifest.xml:135:17-77
158-->src\main\AndroidManifest.xml:135:27-74
159            </intent-filter>
160            <intent-filter android:autoVerify="true" >
160-->src\main\AndroidManifest.xml:138:13-146:29
160-->src\main\AndroidManifest.xml:138:28-53
161                <action android:name="android.intent.action.VIEW" />
161-->src\main\AndroidManifest.xml:139:17-68
161-->src\main\AndroidManifest.xml:139:25-66
162
163                <category android:name="android.intent.category.DEFAULT" />
163-->src\main\AndroidManifest.xml:140:17-76
163-->src\main\AndroidManifest.xml:140:27-73
164                <category android:name="android.intent.category.BROWSABLE" />
164-->src\main\AndroidManifest.xml:141:17-77
164-->src\main\AndroidManifest.xml:141:27-75
165
166                <data
166-->src\main\AndroidManifest.xml:142:17-145:19
167                    android:host="@string/hostName"
167-->src\main\AndroidManifest.xml:143:21-52
168                    android:scheme="https" />
168-->src\main\AndroidManifest.xml:142:23-45
169            </intent-filter>
170        </activity>
171        <activity android:name="com.google.androidbrowserhelper.trusted.FocusActivity" />
171-->src\main\AndroidManifest.xml:153:9-90
171-->src\main\AndroidManifest.xml:153:19-87
172        <activity
172-->src\main\AndroidManifest.xml:155:9-156:62
173            android:name="com.google.androidbrowserhelper.trusted.WebViewFallbackActivity"
173-->src\main\AndroidManifest.xml:155:19-97
174            android:configChanges="orientation|screenSize" />
174-->src\main\AndroidManifest.xml:156:13-59
175
176        <provider
176-->src\main\AndroidManifest.xml:158:9-166:20
177            android:name="androidx.core.content.FileProvider"
177-->src\main\AndroidManifest.xml:159:13-62
178            android:authorities="@string/providerAuthority"
178-->src\main\AndroidManifest.xml:160:13-60
179            android:exported="false"
179-->src\main\AndroidManifest.xml:162:13-37
180            android:grantUriPermissions="true" >
180-->src\main\AndroidManifest.xml:161:13-47
181            <meta-data
181-->src\main\AndroidManifest.xml:163:13-165:53
182                android:name="android.support.FILE_PROVIDER_PATHS"
182-->src\main\AndroidManifest.xml:164:17-67
183                android:resource="@xml/filepaths" />
183-->src\main\AndroidManifest.xml:165:17-50
184        </provider>
185
186        <service
186-->src\main\AndroidManifest.xml:168:9-183:19
187            android:name="com.gmail.omsjsr.smartcamera.DelegationService"
187-->src\main\AndroidManifest.xml:169:13-46
188            android:enabled="@bool/enableNotification"
188-->src\main\AndroidManifest.xml:170:13-55
189            android:exported="@bool/enableNotification" >
189-->src\main\AndroidManifest.xml:171:13-56
190            <meta-data
190-->src\main\AndroidManifest.xml:174:17-176:73
191                android:name="android.support.customtabs.trusted.SMALL_ICON"
191-->src\main\AndroidManifest.xml:175:21-81
192                android:resource="@drawable/ic_notification_icon" />
192-->src\main\AndroidManifest.xml:176:21-70
193
194            <intent-filter>
194-->src\main\AndroidManifest.xml:179:13-182:29
195                <action android:name="android.support.customtabs.trusted.TRUSTED_WEB_ACTIVITY_SERVICE" />
195-->src\main\AndroidManifest.xml:180:17-105
195-->src\main\AndroidManifest.xml:180:25-103
196
197                <category android:name="android.intent.category.DEFAULT" />
197-->src\main\AndroidManifest.xml:140:17-76
197-->src\main\AndroidManifest.xml:140:27-73
198            </intent-filter>
199        </service>
200
201        <activity android:name="com.google.androidbrowserhelper.trusted.NotificationPermissionRequestActivity" />
201-->src\main\AndroidManifest.xml:186:13-118
201-->src\main\AndroidManifest.xml:186:23-115
202
203        <service
203-->[com.google.firebase:firebase-crashlytics-ndk:20.0.1] AndroidManifest.xml:29:9-35:19
204            android:name="com.google.firebase.components.ComponentDiscoveryService"
204-->[com.google.firebase:firebase-crashlytics-ndk:20.0.1] AndroidManifest.xml:30:13-84
205            android:directBootAware="true"
205-->[com.google.firebase:firebase-common:22.0.0] AndroidManifest.xml:32:13-43
206            android:exported="false" >
206-->[com.google.firebase:firebase-crashlytics-ndk:20.0.1] AndroidManifest.xml:31:13-37
207            <meta-data
207-->[com.google.firebase:firebase-crashlytics-ndk:20.0.1] AndroidManifest.xml:32:13-34:85
208                android:name="com.google.firebase.components:com.google.firebase.crashlytics.ndk.CrashlyticsNdkRegistrar"
208-->[com.google.firebase:firebase-crashlytics-ndk:20.0.1] AndroidManifest.xml:33:17-122
209                android:value="com.google.firebase.components.ComponentRegistrar" />
209-->[com.google.firebase:firebase-crashlytics-ndk:20.0.1] AndroidManifest.xml:34:17-82
210            <meta-data
210-->[com.google.firebase:firebase-crashlytics:20.0.1] AndroidManifest.xml:15:13-17:85
211                android:name="com.google.firebase.components:com.google.firebase.crashlytics.FirebaseCrashlyticsKtxRegistrar"
211-->[com.google.firebase:firebase-crashlytics:20.0.1] AndroidManifest.xml:16:17-126
212                android:value="com.google.firebase.components.ComponentRegistrar" />
212-->[com.google.firebase:firebase-crashlytics:20.0.1] AndroidManifest.xml:17:17-82
213            <meta-data
213-->[com.google.firebase:firebase-crashlytics:20.0.1] AndroidManifest.xml:18:13-20:85
214                android:name="com.google.firebase.components:com.google.firebase.crashlytics.CrashlyticsRegistrar"
214-->[com.google.firebase:firebase-crashlytics:20.0.1] AndroidManifest.xml:19:17-115
215                android:value="com.google.firebase.components.ComponentRegistrar" />
215-->[com.google.firebase:firebase-crashlytics:20.0.1] AndroidManifest.xml:20:17-82
216            <meta-data
216-->[com.google.android.gms:play-services-measurement-api:23.0.0] AndroidManifest.xml:33:13-35:85
217                android:name="com.google.firebase.components:com.google.firebase.analytics.connector.internal.AnalyticsConnectorRegistrar"
217-->[com.google.android.gms:play-services-measurement-api:23.0.0] AndroidManifest.xml:34:17-139
218                android:value="com.google.firebase.components.ComponentRegistrar" />
218-->[com.google.android.gms:play-services-measurement-api:23.0.0] AndroidManifest.xml:35:17-82
219            <meta-data
219-->[com.google.firebase:firebase-sessions:3.0.1] AndroidManifest.xml:25:13-27:85
220                android:name="com.google.firebase.components:com.google.firebase.sessions.FirebaseSessionsRegistrar"
220-->[com.google.firebase:firebase-sessions:3.0.1] AndroidManifest.xml:26:17-117
221                android:value="com.google.firebase.components.ComponentRegistrar" />
221-->[com.google.firebase:firebase-sessions:3.0.1] AndroidManifest.xml:27:17-82
222            <meta-data
222-->[com.google.firebase:firebase-installations:19.0.0] AndroidManifest.xml:15:13-17:85
223                android:name="com.google.firebase.components:com.google.firebase.installations.FirebaseInstallationsKtxRegistrar"
223-->[com.google.firebase:firebase-installations:19.0.0] AndroidManifest.xml:16:17-130
224                android:value="com.google.firebase.components.ComponentRegistrar" />
224-->[com.google.firebase:firebase-installations:19.0.0] AndroidManifest.xml:17:17-82
225            <meta-data
225-->[com.google.firebase:firebase-installations:19.0.0] AndroidManifest.xml:18:13-20:85
226                android:name="com.google.firebase.components:com.google.firebase.installations.FirebaseInstallationsRegistrar"
226-->[com.google.firebase:firebase-installations:19.0.0] AndroidManifest.xml:19:17-127
227                android:value="com.google.firebase.components.ComponentRegistrar" />
227-->[com.google.firebase:firebase-installations:19.0.0] AndroidManifest.xml:20:17-82
228            <meta-data
228-->[com.google.firebase:firebase-common:22.0.0] AndroidManifest.xml:35:13-37:85
229                android:name="com.google.firebase.components:com.google.firebase.FirebaseCommonKtxRegistrar"
229-->[com.google.firebase:firebase-common:22.0.0] AndroidManifest.xml:36:17-109
230                android:value="com.google.firebase.components.ComponentRegistrar" />
230-->[com.google.firebase:firebase-common:22.0.0] AndroidManifest.xml:37:17-82
231            <meta-data
231-->[com.google.firebase:firebase-datatransport:19.0.0] AndroidManifest.xml:25:13-27:85
232                android:name="com.google.firebase.components:com.google.firebase.datatransport.TransportRegistrar"
232-->[com.google.firebase:firebase-datatransport:19.0.0] AndroidManifest.xml:26:17-115
233                android:value="com.google.firebase.components.ComponentRegistrar" />
233-->[com.google.firebase:firebase-datatransport:19.0.0] AndroidManifest.xml:27:17-82
234        </service> <!-- Include the AdActivity and InAppPurchaseActivity configChanges and themes. -->
235        <activity
235-->[com.google.android.gms:play-services-ads-api:24.5.0] AndroidManifest.xml:73:9-78:43
236            android:name="com.google.android.gms.ads.AdActivity"
236-->[com.google.android.gms:play-services-ads-api:24.5.0] AndroidManifest.xml:74:13-65
237            android:configChanges="keyboard|keyboardHidden|orientation|screenLayout|uiMode|screenSize|smallestScreenSize"
237-->[com.google.android.gms:play-services-ads-api:24.5.0] AndroidManifest.xml:75:13-122
238            android:exported="false"
238-->[com.google.android.gms:play-services-ads-api:24.5.0] AndroidManifest.xml:76:13-37
239            android:theme="@android:style/Theme.Translucent" />
239-->[com.google.android.gms:play-services-ads-api:24.5.0] AndroidManifest.xml:77:13-61
240
241        <provider
241-->[com.google.android.gms:play-services-ads-api:24.5.0] AndroidManifest.xml:80:9-85:43
242            android:name="com.google.android.gms.ads.MobileAdsInitProvider"
242-->[com.google.android.gms:play-services-ads-api:24.5.0] AndroidManifest.xml:81:13-76
243            android:authorities="com.gmail.omsjsr.smartcamera.mobileadsinitprovider"
243-->[com.google.android.gms:play-services-ads-api:24.5.0] AndroidManifest.xml:82:13-73
244            android:exported="false"
244-->[com.google.android.gms:play-services-ads-api:24.5.0] AndroidManifest.xml:83:13-37
245            android:initOrder="100" />
245-->[com.google.android.gms:play-services-ads-api:24.5.0] AndroidManifest.xml:84:13-36
246
247        <service
247-->[com.google.android.gms:play-services-ads-api:24.5.0] AndroidManifest.xml:87:9-91:43
248            android:name="com.google.android.gms.ads.AdService"
248-->[com.google.android.gms:play-services-ads-api:24.5.0] AndroidManifest.xml:88:13-64
249            android:enabled="true"
249-->[com.google.android.gms:play-services-ads-api:24.5.0] AndroidManifest.xml:89:13-35
250            android:exported="false" />
250-->[com.google.android.gms:play-services-ads-api:24.5.0] AndroidManifest.xml:90:13-37
251
252        <activity
252-->[com.google.android.gms:play-services-ads-api:24.5.0] AndroidManifest.xml:93:9-97:43
253            android:name="com.google.android.gms.ads.OutOfContextTestingActivity"
253-->[com.google.android.gms:play-services-ads-api:24.5.0] AndroidManifest.xml:94:13-82
254            android:configChanges="keyboard|keyboardHidden|orientation|screenLayout|uiMode|screenSize|smallestScreenSize"
254-->[com.google.android.gms:play-services-ads-api:24.5.0] AndroidManifest.xml:95:13-122
255            android:exported="false" />
255-->[com.google.android.gms:play-services-ads-api:24.5.0] AndroidManifest.xml:96:13-37
256        <activity
256-->[com.google.android.gms:play-services-ads-api:24.5.0] AndroidManifest.xml:98:9-105:43
257            android:name="com.google.android.gms.ads.NotificationHandlerActivity"
257-->[com.google.android.gms:play-services-ads-api:24.5.0] AndroidManifest.xml:99:13-82
258            android:excludeFromRecents="true"
258-->[com.google.android.gms:play-services-ads-api:24.5.0] AndroidManifest.xml:100:13-46
259            android:exported="false"
259-->[com.google.android.gms:play-services-ads-api:24.5.0] AndroidManifest.xml:101:13-37
260            android:launchMode="singleTask"
260-->[com.google.android.gms:play-services-ads-api:24.5.0] AndroidManifest.xml:102:13-44
261            android:taskAffinity=""
261-->[com.google.android.gms:play-services-ads-api:24.5.0] AndroidManifest.xml:103:13-36
262            android:theme="@android:style/Theme.Translucent.NoTitleBar" />
262-->[com.google.android.gms:play-services-ads-api:24.5.0] AndroidManifest.xml:104:13-72
263
264        <meta-data
264-->[com.google.android.gms:play-services-ads-api:24.5.0] AndroidManifest.xml:107:9-109:36
265            android:name="com.google.android.gms.ads.flag.OPTIMIZE_AD_LOADING"
265-->[com.google.android.gms:play-services-ads-api:24.5.0] AndroidManifest.xml:108:13-79
266            android:value="true" />
266-->[com.google.android.gms:play-services-ads-api:24.5.0] AndroidManifest.xml:109:13-33
267        <meta-data
267-->[com.google.android.gms:play-services-ads-api:24.5.0] AndroidManifest.xml:110:9-112:36
268            android:name="com.google.android.gms.ads.flag.OPTIMIZE_INITIALIZATION"
268-->[com.google.android.gms:play-services-ads-api:24.5.0] AndroidManifest.xml:111:13-83
269            android:value="true" />
269-->[com.google.android.gms:play-services-ads-api:24.5.0] AndroidManifest.xml:112:13-33
270
271        <provider
271-->[com.google.firebase:firebase-common:22.0.0] AndroidManifest.xml:23:9-28:39
272            android:name="com.google.firebase.provider.FirebaseInitProvider"
272-->[com.google.firebase:firebase-common:22.0.0] AndroidManifest.xml:24:13-77
273            android:authorities="com.gmail.omsjsr.smartcamera.firebaseinitprovider"
273-->[com.google.firebase:firebase-common:22.0.0] AndroidManifest.xml:25:13-72
274            android:directBootAware="true"
274-->[com.google.firebase:firebase-common:22.0.0] AndroidManifest.xml:26:13-43
275            android:exported="false"
275-->[com.google.firebase:firebase-common:22.0.0] AndroidManifest.xml:27:13-37
276            android:initOrder="100" />
276-->[com.google.firebase:firebase-common:22.0.0] AndroidManifest.xml:28:13-36
277
278        <service
278-->[com.google.android.datatransport:transport-backend-cct:3.3.0] AndroidManifest.xml:26:9-32:19
279            android:name="com.google.android.datatransport.runtime.backends.TransportBackendDiscovery"
279-->[com.google.android.datatransport:transport-backend-cct:3.3.0] AndroidManifest.xml:27:13-103
280            android:exported="false" >
280-->[com.google.android.datatransport:transport-backend-cct:3.3.0] AndroidManifest.xml:28:13-37
281            <meta-data
281-->[com.google.android.datatransport:transport-backend-cct:3.3.0] AndroidManifest.xml:29:13-31:39
282                android:name="backend:com.google.android.datatransport.cct.CctBackendFactory"
282-->[com.google.android.datatransport:transport-backend-cct:3.3.0] AndroidManifest.xml:30:17-94
283                android:value="cct" />
283-->[com.google.android.datatransport:transport-backend-cct:3.3.0] AndroidManifest.xml:31:17-36
284        </service>
285        <service
285-->[com.google.android.datatransport:transport-runtime:3.3.0] AndroidManifest.xml:24:9-28:19
286            android:name="com.google.android.datatransport.runtime.scheduling.jobscheduling.JobInfoSchedulerService"